2026-03-13 17:09:47,732 - INFO - Pipeline started
2026-03-13 17:15:38,328 - INFO - Pipeline started
2026-03-13 17:15:38,629 - INFO - Data ingestion completed
2026-03-13 17:15:38,787 - INFO - Transformation completed
2026-03-13 17:15:38,790 - INFO - Data validation completed
2026-03-13 17:19:34,186 - INFO - Pipeline started
2026-03-13 17:19:34,484 - INFO - Data ingestion completed
2026-03-13 17:19:34,626 - INFO - Transformation completed
2026-03-13 17:19:34,627 - INFO - Data validation completed
2026-03-13 17:21:48,039 - INFO - Pipeline started
2026-03-13 17:21:48,329 - INFO - Data ingestion completed
2026-03-13 17:21:48,470 - INFO - Transformation completed
2026-03-13 17:21:48,471 - INFO - Data validation completed
2026-03-13 17:21:52,209 - INFO - Loading completed
2026-03-13 18:03:40,938 - INFO - Pipeline started
2026-03-13 18:03:40,956 - INFO - Found credentials from IAM Role: DataPipelineRole
2026-03-13 18:07:08,224 - INFO - Pipeline started
2026-03-13 18:07:08,241 - INFO - Found credentials from IAM Role: DataPipelineRole
2026-03-13 18:07:08,793 - INFO - Data ingestion completed
2026-03-13 18:07:08,919 - INFO - Transformation completed
2026-03-13 18:07:08,921 - INFO - Data validation completed
2026-03-13 18:07:12,717 - INFO - Loading completed
2026-03-13 18:23:46,351 - INFO - Pipeline started
2026-03-13 18:23:46,371 - INFO - Found credentials from IAM Role: DataPipelineRole
2026-03-13 18:23:46,944 - INFO - Data ingestion completed
2026-03-13 18:23:47,064 - INFO - Transformation completed
2026-03-13 18:23:47,064 - INFO - Data validation completed
2026-03-13 18:33:05,977 - INFO - Pipeline started
2026-03-13 18:33:05,995 - INFO - Found credentials from IAM Role: DataPipelineRole
2026-03-13 18:33:06,578 - INFO - Data ingestion completed
2026-03-13 18:33:06,697 - INFO - Transformation completed
2026-03-13 18:33:06,698 - INFO - Data validation completed
2026-03-13 18:41:29,400 - INFO - Pipeline started
2026-03-13 18:41:29,417 - INFO - Found credentials from IAM Role: DataPipelineRole
2026-03-13 18:41:30,003 - INFO - Data ingestion completed
2026-03-13 18:41:30,128 - INFO - Transformation completed
2026-03-13 18:41:30,129 - INFO - Data validation completed
2026-03-13 18:45:10,563 - INFO - Pipeline started
2026-03-13 18:45:10,580 - INFO - Found credentials from IAM Role: DataPipelineRole
2026-03-13 18:45:11,124 - INFO - Data ingestion completed
2026-03-13 18:45:11,245 - INFO - Transformation completed
2026-03-13 18:45:11,246 - INFO - Data validation completed
2026-03-13 18:45:15,951 - INFO - Loading completed
2026-03-13 19:43:02,826 - INFO - Pipeline started
2026-03-13 19:43:02,844 - INFO - Found credentials from IAM Role: DataPipelineRole
2026-03-13 19:43:03,493 - INFO - Data ingestion completed
2026-03-13 19:43:03,623 - INFO - Transformation completed
2026-03-13 19:43:03,935 - INFO - Data validation completed
2026-03-13 19:43:08,625 - INFO - Loading completed
